Performing C SOURCE FILE Test CMAKE_HAVE_LIBC_PTHREAD failed with the following output:
Change Dir: /home/lrj/Public/s2geometry/cmake-build-debug/CMakeFiles/CMakeTmp

Run Build Command(s):/usr/bin/make -f Makefile cmTC_43edc/fast && /usr/bin/make  -f CMakeFiles/cmTC_43edc.dir/build.make CMakeFiles/cmTC_43edc.dir/build
make[1]: Entering directory '/home/lrj/Public/s2geometry/cmake-build-debug/CMakeFiles/CMakeTmp'
Building C object CMakeFiles/cmTC_43edc.dir/src.c.o
/usr/bin/cc -DCMAKE_HAVE_LIBC_PTHREAD   -o CMakeFiles/cmTC_43edc.dir/src.c.o -c /home/lrj/Public/s2geometry/cmake-build-debug/CMakeFiles/CMakeTmp/src.c
Linking C executable cmTC_43edc
/home/lrj/.local/share/JetBrains/Toolbox/apps/CLion/ch-0/212.5457.51/bin/cmake/linux/bin/cmake -E cmake_link_script CMakeFiles/cmTC_43edc.dir/link.txt --verbose=1
/usr/bin/cc CMakeFiles/cmTC_43edc.dir/src.c.o -o cmTC_43edc 
/usr/bin/ld: CMakeFiles/cmTC_43edc.dir/src.c.o: in function `main':
src.c:(.text+0x46): undefined reference to `pthread_create'
/usr/bin/ld: src.c:(.text+0x52): undefined reference to `pthread_detach'
/usr/bin/ld: src.c:(.text+0x5e): undefined reference to `pthread_cancel'
/usr/bin/ld: src.c:(.text+0x6f): undefined reference to `pthread_join'
collect2: error: ld returned 1 exit status
make[1]: *** [CMakeFiles/cmTC_43edc.dir/build.make:99: cmTC_43edc] Error 1
make[1]: Leaving directory '/home/lrj/Public/s2geometry/cmake-build-debug/CMakeFiles/CMakeTmp'
make: *** [Makefile:127: cmTC_43edc/fast] Error 2


Source file was:
#include <pthread.h>

static void* test_func(void* data)
{
  return data;
}

int main(void)
{
  pthread_t thread;
  pthread_create(&thread, NULL, test_func, NULL);
  pthread_detach(thread);
  pthread_cancel(thread);
  pthread_join(thread, NULL);
  pthread_atfork(NULL, NULL, NULL);
  pthread_exit(NULL);

  return 0;
}

Determining if the function pthread_create exists in the pthreads failed with the following output:
Change Dir: /home/lrj/Public/s2geometry/cmake-build-debug/CMakeFiles/CMakeTmp

Run Build Command(s):/usr/bin/make -f Makefile cmTC_e54ac/fast && /usr/bin/make  -f CMakeFiles/cmTC_e54ac.dir/build.make CMakeFiles/cmTC_e54ac.dir/build
make[1]: Entering directory '/home/lrj/Public/s2geometry/cmake-build-debug/CMakeFiles/CMakeTmp'
Building C object CMakeFiles/cmTC_e54ac.dir/CheckFunctionExists.c.o
/usr/bin/cc   -DCHECK_FUNCTION_EXISTS=pthread_create -o CMakeFiles/cmTC_e54ac.dir/CheckFunctionExists.c.o -c /home/lrj/.local/share/JetBrains/Toolbox/apps/CLion/ch-0/212.5457.51/bin/cmake/linux/share/cmake-3.20/Modules/CheckFunctionExists.c
Linking C executable cmTC_e54ac
/home/lrj/.local/share/JetBrains/Toolbox/apps/CLion/ch-0/212.5457.51/bin/cmake/linux/bin/cmake -E cmake_link_script CMakeFiles/cmTC_e54ac.dir/link.txt --verbose=1
/usr/bin/cc  -DCHECK_FUNCTION_EXISTS=pthread_create CMakeFiles/cmTC_e54ac.dir/CheckFunctionExists.c.o -o cmTC_e54ac  -lpthreads 
/usr/bin/ld: cannot find -lpthreads
collect2: error: ld returned 1 exit status
make[1]: *** [CMakeFiles/cmTC_e54ac.dir/build.make:99: cmTC_e54ac] Error 1
make[1]: Leaving directory '/home/lrj/Public/s2geometry/cmake-build-debug/CMakeFiles/CMakeTmp'
make: *** [Makefile:127: cmTC_e54ac/fast] Error 2



