nohup: ignoring input
###### start proccessing ######

-------------------------------------------

------ try porto rnn index query the 11th time
0 -- done ### distance=1100
1 -- done ### distance=1100
2 -- done ### distance=1100
3 -- done ### distance=1100
4 -- done ### distance=1100
5 -- done ### distance=1100
6 -- done ### distance=1100
7 -- done ### distance=1100
8 -- done ### distance=1100
9 -- done ### distance=1100
10 -- done ### distance=1100
11 -- done ### distance=1100
12 -- done ### distance=1100
13 -- done ### distance=1100
14 -- done ### distance=1100
15 -- done ### distance=1100
16 -- done ### distance=1100
17 -- done ### distance=1100
18 -- done ### distance=1100
19 -- done ### distance=1100
------ try porto rnn index query the 11th time: done!
------ try porto rnn index query the 12th time
0 -- done ### distance=1200
1 -- done ### distance=1200
2 -- done ### distance=1200
3 -- done ### distance=1200
4 -- done ### distance=1200
5 -- done ### distance=1200
6 -- done ### distance=1200
7 -- done ### distance=1200
8 -- done ### distance=1200
9 -- done ### distance=1200
10 -- done ### distance=1200
11 -- done ### distance=1200
12 -- done ### distance=1200
13 -- done ### distance=1200
14 -- done ### distance=1200
15 -- done ### distance=1200
16 -- done ### distance=1200
17 -- done ### distance=1200
18 -- done ### distance=1200
19 -- done ### distance=1200
------ try porto rnn index query the 12th time: done!
------ try porto rnn index query the 13th time
0 -- done ### distance=1300
1 -- done ### distance=1300
2 -- done ### distance=1300
3 -- done ### distance=1300
4 -- done ### distance=1300
5 -- done ### distance=1300
6 -- done ### distance=1300
7 -- done ### distance=1300
8 -- done ### distance=1300
9 -- done ### distance=1300
10 -- done ### distance=1300
11 -- done ### distance=1300
12 -- done ### distance=1300
13 -- done ### distance=1300
14 -- done ### distance=1300
15 -- done ### distance=1300
16 -- done ### distance=1300
17 -- done ### distance=1300
18 -- done ### distance=1300
19 -- done ### distance=1300
------ try porto rnn index query the 13th time: done!
------ try porto rnn index query the 14th time
0 -- done ### distance=1400
1 -- done ### distance=1400
2 -- done ### distance=1400
3 -- done ### distance=1400
4 -- done ### distance=1400
5 -- done ### distance=1400
6 -- done ### distance=1400
7 -- done ### distance=1400
8 -- done ### distance=1400
9 -- done ### distance=1400
10 -- done ### distance=1400
11 -- done ### distance=1400
12 -- done ### distance=1400
13 -- done ### distance=1400
14 -- done ### distance=1400
15 -- done ### distance=1400
16 -- done ### distance=1400
17 -- done ### distance=1400
18 -- done ### distance=1400
19 -- done ### distance=1400
------ try porto rnn index query the 14th time: done!
------ try porto rnn index query the 15th time
0 -- done ### distance=1500
1 -- done ### distance=1500
2 -- done ### distance=1500
3 -- done ### distance=1500
4 -- done ### distance=1500
5 -- done ### distance=1500
6 -- done ### distance=1500
7 -- done ### distance=1500
8 -- done ### distance=1500
9 -- done ### distance=1500
10 -- done ### distance=1500
11 -- done ### distance=1500
12 -- done ### distance=1500
13 -- done ### distance=1500
14 -- done ### distance=1500
15 -- done ### distance=1500
16 -- done ### distance=1500
17 -- done ### distance=1500
18 -- done ### distance=1500
19 -- done ### distance=1500
------ try porto rnn index query the 15th time: done!
------ try porto rnn index query the 16th time
0 -- done ### distance=1600
1 -- done ### distance=1600
2 -- done ### distance=1600
3 -- done ### distance=1600
4 -- done ### distance=1600
5 -- done ### distance=1600
6 -- done ### distance=1600
7 -- done ### distance=1600
8 -- done ### distance=1600
9 -- done ### distance=1600
10 -- done ### distance=1600
11 -- done ### distance=1600
12 -- done ### distance=1600
13 -- done ### distance=1600
14 -- done ### distance=1600
15 -- done ### distance=1600
16 -- done ### distance=1600
17 -- done ### distance=1600
18 -- done ### distance=1600
19 -- done ### distance=1600
------ try porto rnn index query the 16th time: done!
------ try porto rnn index query the 17th time
0 -- done ### distance=1700
1 -- done ### distance=1700
2 -- done ### distance=1700
3 -- done ### distance=1700
4 -- done ### distance=1700
5 -- done ### distance=1700
6 -- done ### distance=1700
7 -- done ### distance=1700
8 -- done ### distance=1700
9 -- done ### distance=1700
10 -- done ### distance=1700
11 -- done ### distance=1700
12 -- done ### distance=1700
13 -- done ### distance=1700
14 -- done ### distance=1700
15 -- done ### distance=1700
16 -- done ### distance=1700
17 -- done ### distance=1700
18 -- done ### distance=1700
19 -- done ### distance=1700
------ try porto rnn index query the 17th time: done!
------ try porto rnn index query the 18th time
0 -- done ### distance=1800
1 -- done ### distance=1800
2 -- done ### distance=1800
3 -- done ### distance=1800
4 -- done ### distance=1800
5 -- done ### distance=1800
6 -- done ### distance=1800
7 -- done ### distance=1800
8 -- done ### distance=1800
9 -- done ### distance=1800
10 -- done ### distance=1800
11 -- done ### distance=1800
12 -- done ### distance=1800
13 -- done ### distance=1800
14 -- done ### distance=1800
15 -- done ### distance=1800
16 -- done ### distance=1800
17 -- done ### distance=1800
18 -- done ### distance=1800
19 -- done ### distance=1800
------ try porto rnn index query the 18th time: done!
------ try porto rnn index query the 19th time
0 -- done ### distance=1900
1 -- done ### distance=1900
2 -- done ### distance=1900
3 -- done ### distance=1900
4 -- done ### distance=1900
5 -- done ### distance=1900
6 -- done ### distance=1900
7 -- done ### distance=1900
8 -- done ### distance=1900
9 -- done ### distance=1900
10 -- done ### distance=1900
11 -- done ### distance=1900
12 -- done ### distance=1900
13 -- done ### distance=1900
14 -- done ### distance=1900
15 -- done ### distance=1900
16 -- done ### distance=1900
17 -- done ### distance=1900
18 -- done ### distance=1900
19 -- done ### distance=1900
------ try porto rnn index query the 19th time: done!
------ try porto rnn index query the 20th time
0 -- done ### distance=2000
1 -- done ### distance=2000
2 -- done ### distance=2000
3 -- done ### distance=2000
4 -- done ### distance=2000
5 -- done ### distance=2000
6 -- done ### distance=2000
7 -- done ### distance=2000
8 -- done ### distance=2000
9 -- done ### distance=2000
10 -- done ### distance=2000
11 -- done ### distance=2000
12 -- done ### distance=2000
13 -- done ### distance=2000
14 -- done ### distance=2000
15 -- done ### distance=2000
16 -- done ### distance=2000
17 -- done ### distance=2000
18 -- done ### distance=2000
19 -- done ### distance=2000
------ try porto rnn index query the 20th time: done!
------ try porto rnn index query the 21th time
0 -- done ### distance=2100
1 -- done ### distance=2100
2 -- done ### distance=2100
3 -- done ### distance=2100
4 -- done ### distance=2100
5 -- done ### distance=2100
6 -- done ### distance=2100
7 -- done ### distance=2100
8 -- done ### distance=2100
9 -- done ### distance=2100
10 -- done ### distance=2100
11 -- done ### distance=2100
12 -- done ### distance=2100
13 -- done ### distance=2100
14 -- done ### distance=2100
15 -- done ### distance=2100
16 -- done ### distance=2100
17 -- done ### distance=2100
18 -- done ### distance=2100
19 -- done ### distance=2100
------ try porto rnn index query the 21th time: done!
------ try porto rnn index query the 22th time
0 -- done ### distance=2200
1 -- done ### distance=2200
2 -- done ### distance=2200
3 -- done ### distance=2200
4 -- done ### distance=2200
5 -- done ### distance=2200
6 -- done ### distance=2200
7 -- done ### distance=2200
8 -- done ### distance=2200
9 -- done ### distance=2200
10 -- done ### distance=2200
11 -- done ### distance=2200
12 -- done ### distance=2200
13 -- done ### distance=2200
14 -- done ### distance=2200
15 -- done ### distance=2200
16 -- done ### distance=2200
17 -- done ### distance=2200
18 -- done ### distance=2200
19 -- done ### distance=2200
------ try porto rnn index query the 22th time: done!
------ try porto rnn index query the 23th time
0 -- done ### distance=2300
1 -- done ### distance=2300
2 -- done ### distance=2300
3 -- done ### distance=2300
4 -- done ### distance=2300
5 -- done ### distance=2300
6 -- done ### distance=2300
7 -- done ### distance=2300
8 -- done ### distance=2300
9 -- done ### distance=2300
10 -- done ### distance=2300
11 -- done ### distance=2300
12 -- done ### distance=2300
13 -- done ### distance=2300
14 -- done ### distance=2300
15 -- done ### distance=2300
16 -- done ### distance=2300
17 -- done ### distance=2300
18 -- done ### distance=2300
19 -- done ### distance=2300
------ try porto rnn index query the 23th time: done!
------ try porto rnn index query the 24th time
0 -- done ### distance=2400
1 -- done ### distance=2400
2 -- done ### distance=2400
3 -- done ### distance=2400
4 -- done ### distance=2400
5 -- done ### distance=2400
6 -- done ### distance=2400
7 -- done ### distance=2400
8 -- done ### distance=2400
9 -- done ### distance=2400
10 -- done ### distance=2400
11 -- done ### distance=2400
12 -- done ### distance=2400
13 -- done ### distance=2400
14 -- done ### distance=2400
15 -- done ### distance=2400
16 -- done ### distance=2400
17 -- done ### distance=2400
18 -- done ### distance=2400
19 -- done ### distance=2400
------ try porto rnn index query the 24th time: done!
------ try porto rnn index query the 25th time
0 -- done ### distance=2500
1 -- done ### distance=2500
2 -- done ### distance=2500
3 -- done ### distance=2500
4 -- done ### distance=2500
5 -- done ### distance=2500
6 -- done ### distance=2500
7 -- done ### distance=2500
8 -- done ### distance=2500
9 -- done ### distance=2500
10 -- done ### distance=2500
11 -- done ### distance=2500
12 -- done ### distance=2500
13 -- done ### distance=2500
14 -- done ### distance=2500
15 -- done ### distance=2500
16 -- done ### distance=2500
17 -- done ### distance=2500
18 -- done ### distance=2500
19 -- done ### distance=2500
------ try porto rnn index query the 25th time: done!
------ try porto rnn index query the 26th time
0 -- done ### distance=2600
1 -- done ### distance=2600
2 -- done ### distance=2600
3 -- done ### distance=2600
4 -- done ### distance=2600
5 -- done ### distance=2600
6 -- done ### distance=2600
7 -- done ### distance=2600
8 -- done ### distance=2600
9 -- done ### distance=2600
10 -- done ### distance=2600
11 -- done ### distance=2600
12 -- done ### distance=2600
13 -- done ### distance=2600
14 -- done ### distance=2600
15 -- done ### distance=2600
16 -- done ### distance=2600
17 -- done ### distance=2600
18 -- done ### distance=2600
19 -- done ### distance=2600
------ try porto rnn index query the 26th time: done!
------ try porto rnn index query the 27th time
0 -- done ### distance=2700
1 -- done ### distance=2700
2 -- done ### distance=2700
3 -- done ### distance=2700
4 -- done ### distance=2700
5 -- done ### distance=2700
6 -- done ### distance=2700
7 -- done ### distance=2700
8 -- done ### distance=2700
9 -- done ### distance=2700
10 -- done ### distance=2700
11 -- done ### distance=2700
12 -- done ### distance=2700
13 -- done ### distance=2700
14 -- done ### distance=2700
15 -- done ### distance=2700
16 -- done ### distance=2700
17 -- done ### distance=2700
18 -- done ### distance=2700
19 -- done ### distance=2700
------ try porto rnn index query the 27th time: done!
------ try porto rnn index query the 28th time
0 -- done ### distance=2800
1 -- done ### distance=2800
2 -- done ### distance=2800
3 -- done ### distance=2800
4 -- done ### distance=2800
5 -- done ### distance=2800
6 -- done ### distance=2800
7 -- done ### distance=2800
8 -- done ### distance=2800
9 -- done ### distance=2800
10 -- done ### distance=2800
11 -- done ### distance=2800
12 -- done ### distance=2800
13 -- done ### distance=2800
14 -- done ### distance=2800
15 -- done ### distance=2800
16 -- done ### distance=2800
17 -- done ### distance=2800
18 -- done ### distance=2800
19 -- done ### distance=2800
------ try porto rnn index query the 28th time: done!
------ try porto rnn index query the 29th time
0 -- done ### distance=2900
1 -- done ### distance=2900
2 -- done ### distance=2900
3 -- done ### distance=2900
4 -- done ### distance=2900
5 -- done ### distance=2900
6 -- done ### distance=2900
7 -- done ### distance=2900
8 -- done ### distance=2900
9 -- done ### distance=2900
10 -- done ### distance=2900
11 -- done ### distance=2900
12 -- done ### distance=2900
13 -- done ### distance=2900
14 -- done ### distance=2900
15 -- done ### distance=2900
16 -- done ### distance=2900
17 -- done ### distance=2900
18 -- done ### distance=2900
19 -- done ### distance=2900
------ try porto rnn index query the 29th time: done!
------ try porto rnn index query the 30th time
0 -- done ### distance=3000
1 -- done ### distance=3000
2 -- done ### distance=3000
3 -- done ### distance=3000
4 -- done ### distance=3000
5 -- done ### distance=3000
6 -- done ### distance=3000
7 -- done ### distance=3000
8 -- done ### distance=3000
9 -- done ### distance=3000
10 -- done ### distance=3000
11 -- done ### distance=3000
12 -- done ### distance=3000
13 -- done ### distance=3000
14 -- done ### distance=3000
15 -- done ### distance=3000
16 -- done ### distance=3000
17 -- done ### distance=3000
18 -- done ### distance=3000
19 -- done ### distance=3000
------ try porto rnn index query the 30th time: done!

-------------------------------------------

###### end proccessing ######
###### start proccessing ######

-------------------------------------------

postgres compile option = 1
postgis compile option = 0
rebuild option = 0
index build times = 0
loop times = 30
query path = /home/postgres/script/query_sz.sql
range tolerance = 0

-------------------------------------------

-------------------------------------------

try postgres compling
try postgres compling: done!

-------------------------------------------

-------------------------------------------

------ try sz rnn index query the 1th time
0 -- done ### distance=100
1 -- done ### distance=100
2 -- done ### distance=100
3 -- done ### distance=100
4 -- done ### distance=100
5 -- done ### distance=100
6 -- done ### distance=100
7 -- done ### distance=100
8 -- done ### distance=100
9 -- done ### distance=100
10 -- done ### distance=100
11 -- done ### distance=100
12 -- done ### distance=100
13 -- done ### distance=100
14 -- done ### distance=100
15 -- done ### distance=100
16 -- done ### distance=100
17 -- done ### distance=100
18 -- done ### distance=100
19 -- done ### distance=100
------ try sz rnn index query the 1th time: done!
------ try sz rnn index query the 2th time
0 -- done ### distance=200
1 -- done ### distance=200
2 -- done ### distance=200
3 -- done ### distance=200
4 -- done ### distance=200
5 -- done ### distance=200
6 -- done ### distance=200
7 -- done ### distance=200
8 -- done ### distance=200
9 -- done ### distance=200
10 -- done ### distance=200
11 -- done ### distance=200
12 -- done ### distance=200
13 -- done ### distance=200
14 -- done ### distance=200
15 -- done ### distance=200
16 -- done ### distance=200
17 -- done ### distance=200
18 -- done ### distance=200
19 -- done ### distance=200
------ try sz rnn index query the 2th time: done!
------ try sz rnn index query the 3th time
0 -- done ### distance=300
1 -- done ### distance=300
2 -- done ### distance=300
3 -- done ### distance=300
4 -- done ### distance=300
5 -- done ### distance=300
6 -- done ### distance=300
7 -- done ### distance=300
8 -- done ### distance=300
9 -- done ### distance=300
10 -- done ### distance=300
11 -- done ### distance=300
12 -- done ### distance=300
13 -- done ### distance=300
14 -- done ### distance=300
15 -- done ### distance=300
16 -- done ### distance=300
17 -- done ### distance=300
18 -- done ### distance=300
19 -- done ### distance=300
------ try sz rnn index query the 3th time: done!
------ try sz rnn index query the 4th time
0 -- done ### distance=400
1 -- done ### distance=400
2 -- done ### distance=400
3 -- done ### distance=400
4 -- done ### distance=400
5 -- done ### distance=400
6 -- done ### distance=400
7 -- done ### distance=400
8 -- done ### distance=400
9 -- done ### distance=400
10 -- done ### distance=400
11 -- done ### distance=400
12 -- done ### distance=400
13 -- done ### distance=400
14 -- done ### distance=400
15 -- done ### distance=400
16 -- done ### distance=400
17 -- done ### distance=400
18 -- done ### distance=400
19 -- done ### distance=400
------ try sz rnn index query the 4th time: done!
------ try sz rnn index query the 5th time
0 -- done ### distance=500
1 -- done ### distance=500
2 -- done ### distance=500
3 -- done ### distance=500
4 -- done ### distance=500
5 -- done ### distance=500
6 -- done ### distance=500
7 -- done ### distance=500
8 -- done ### distance=500
9 -- done ### distance=500
10 -- done ### distance=500
11 -- done ### distance=500
12 -- done ### distance=500
13 -- done ### distance=500
14 -- done ### distance=500
15 -- done ### distance=500
16 -- done ### distance=500
17 -- done ### distance=500
18 -- done ### distance=500
19 -- done ### distance=500
------ try sz rnn index query the 5th time: done!
------ try sz rnn index query the 6th time
0 -- done ### distance=600
1 -- done ### distance=600
2 -- done ### distance=600
3 -- done ### distance=600
4 -- done ### distance=600
5 -- done ### distance=600
6 -- done ### distance=600
7 -- done ### distance=600
8 -- done ### distance=600
9 -- done ### distance=600
10 -- done ### distance=600
11 -- done ### distance=600
12 -- done ### distance=600
13 -- done ### distance=600
14 -- done ### distance=600
15 -- done ### distance=600
16 -- done ### distance=600
17 -- done ### distance=600
18 -- done ### distance=600
19 -- done ### distance=600
------ try sz rnn index query the 6th time: done!
------ try sz rnn index query the 7th time
0 -- done ### distance=700
1 -- done ### distance=700
2 -- done ### distance=700
3 -- done ### distance=700
4 -- done ### distance=700
5 -- done ### distance=700
6 -- done ### distance=700
7 -- done ### distance=700
8 -- done ### distance=700
9 -- done ### distance=700
10 -- done ### distance=700
11 -- done ### distance=700
12 -- done ### distance=700
13 -- done ### distance=700
14 -- done ### distance=700
15 -- done ### distance=700
16 -- done ### distance=700
17 -- done ### distance=700
18 -- done ### distance=700
19 -- done ### distance=700
------ try sz rnn index query the 7th time: done!
------ try sz rnn index query the 8th time
0 -- done ### distance=800
1 -- done ### distance=800
2 -- done ### distance=800
3 -- done ### distance=800
4 -- done ### distance=800
5 -- done ### distance=800
6 -- done ### distance=800
7 -- done ### distance=800
8 -- done ### distance=800
9 -- done ### distance=800
10 -- done ### distance=800
11 -- done ### distance=800
12 -- done ### distance=800
13 -- done ### distance=800
14 -- done ### distance=800
15 -- done ### distance=800
16 -- done ### distance=800
17 -- done ### distance=800
18 -- done ### distance=800
19 -- done ### distance=800
------ try sz rnn index query the 8th time: done!
------ try sz rnn index query the 9th time
0 -- done ### distance=900
1 -- done ### distance=900
2 -- done ### distance=900
3 -- done ### distance=900
4 -- done ### distance=900
5 -- done ### distance=900
6 -- done ### distance=900
7 -- done ### distance=900
8 -- done ### distance=900
9 -- done ### distance=900
10 -- done ### distance=900
11 -- done ### distance=900
12 -- done ### distance=900
13 -- done ### distance=900
14 -- done ### distance=900
15 -- done ### distance=900
16 -- done ### distance=900
17 -- done ### distance=900
18 -- done ### distance=900
19 -- done ### distance=900
------ try sz rnn index query the 9th time: done!
------ try sz rnn index query the 10th time
0 -- done ### distance=1000
1 -- done ### distance=1000
2 -- done ### distance=1000
3 -- done ### distance=1000
4 -- done ### distance=1000
5 -- done ### distance=1000
6 -- done ### distance=1000
7 -- done ### distance=1000
8 -- done ### distance=1000
9 -- done ### distance=1000
10 -- done ### distance=1000
11 -- done ### distance=1000
12 -- done ### distance=1000
13 -- done ### distance=1000
14 -- done ### distance=1000
15 -- done ### distance=1000
16 -- done ### distance=1000
17 -- done ### distance=1000
18 -- done ### distance=1000
19 -- done ### distance=1000
------ try sz rnn index query the 10th time: done!
------ try sz rnn index query the 11th time
0 -- done ### distance=1100
1 -- done ### distance=1100
2 -- done ### distance=1100
3 -- done ### distance=1100
4 -- done ### distance=1100
5 -- done ### distance=1100
6 -- done ### distance=1100
7 -- done ### distance=1100
8 -- done ### distance=1100
9 -- done ### distance=1100
10 -- done ### distance=1100
11 -- done ### distance=1100
12 -- done ### distance=1100
13 -- done ### distance=1100
14 -- done ### distance=1100
15 -- done ### distance=1100
16 -- done ### distance=1100
17 -- done ### distance=1100
18 -- done ### distance=1100
19 -- done ### distance=1100
------ try sz rnn index query the 11th time: done!
------ try sz rnn index query the 12th time
0 -- done ### distance=1200
1 -- done ### distance=1200
2 -- done ### distance=1200
3 -- done ### distance=1200
4 -- done ### distance=1200
5 -- done ### distance=1200
6 -- done ### distance=1200
7 -- done ### distance=1200
8 -- done ### distance=1200
9 -- done ### distance=1200
10 -- done ### distance=1200
11 -- done ### distance=1200
12 -- done ### distance=1200
13 -- done ### distance=1200
14 -- done ### distance=1200
15 -- done ### distance=1200
16 -- done ### distance=1200
17 -- done ### distance=1200
18 -- done ### distance=1200
19 -- done ### distance=1200
------ try sz rnn index query the 12th time: done!
------ try sz rnn index query the 13th time
0 -- done ### distance=1300
1 -- done ### distance=1300
2 -- done ### distance=1300
3 -- done ### distance=1300
4 -- done ### distance=1300
5 -- done ### distance=1300
6 -- done ### distance=1300
7 -- done ### distance=1300
8 -- done ### distance=1300
9 -- done ### distance=1300
10 -- done ### distance=1300
11 -- done ### distance=1300
12 -- done ### distance=1300
13 -- done ### distance=1300
14 -- done ### distance=1300
15 -- done ### distance=1300
16 -- done ### distance=1300
17 -- done ### distance=1300
18 -- done ### distance=1300
19 -- done ### distance=1300
------ try sz rnn index query the 13th time: done!
------ try sz rnn index query the 14th time
0 -- done ### distance=1400
1 -- done ### distance=1400
2 -- done ### distance=1400
3 -- done ### distance=1400
4 -- done ### distance=1400
5 -- done ### distance=1400
6 -- done ### distance=1400
7 -- done ### distance=1400
8 -- done ### distance=1400
9 -- done ### distance=1400
10 -- done ### distance=1400
11 -- done ### distance=1400
12 -- done ### distance=1400
13 -- done ### distance=1400
14 -- done ### distance=1400
15 -- done ### distance=1400
16 -- done ### distance=1400
17 -- done ### distance=1400
18 -- done ### distance=1400
19 -- done ### distance=1400
------ try sz rnn index query the 14th time: done!
------ try sz rnn index query the 15th time
0 -- done ### distance=1500
1 -- done ### distance=1500
2 -- done ### distance=1500
3 -- done ### distance=1500
4 -- done ### distance=1500
5 -- done ### distance=1500
6 -- done ### distance=1500
7 -- done ### distance=1500
8 -- done ### distance=1500
9 -- done ### distance=1500
10 -- done ### distance=1500
11 -- done ### distance=1500
12 -- done ### distance=1500
13 -- done ### distance=1500
14 -- done ### distance=1500
15 -- done ### distance=1500
16 -- done ### distance=1500
17 -- done ### distance=1500
18 -- done ### distance=1500
19 -- done ### distance=1500
------ try sz rnn index query the 15th time: done!
------ try sz rnn index query the 16th time
0 -- done ### distance=1600
1 -- done ### distance=1600
2 -- done ### distance=1600
3 -- done ### distance=1600
4 -- done ### distance=1600
5 -- done ### distance=1600
6 -- done ### distance=1600
7 -- done ### distance=1600
8 -- done ### distance=1600
9 -- done ### distance=1600
10 -- done ### distance=1600
11 -- done ### distance=1600
12 -- done ### distance=1600
13 -- done ### distance=1600
14 -- done ### distance=1600
15 -- done ### distance=1600
16 -- done ### distance=1600
17 -- done ### distance=1600
18 -- done ### distance=1600
19 -- done ### distance=1600
------ try sz rnn index query the 16th time: done!
------ try sz rnn index query the 17th time
0 -- done ### distance=1700
1 -- done ### distance=1700
2 -- done ### distance=1700
3 -- done ### distance=1700
4 -- done ### distance=1700
5 -- done ### distance=1700
6 -- done ### distance=1700
7 -- done ### distance=1700
8 -- done ### distance=1700
9 -- done ### distance=1700
10 -- done ### distance=1700
11 -- done ### distance=1700
12 -- done ### distance=1700
13 -- done ### distance=1700
14 -- done ### distance=1700
15 -- done ### distance=1700
16 -- done ### distance=1700
17 -- done ### distance=1700
18 -- done ### distance=1700
19 -- done ### distance=1700
------ try sz rnn index query the 17th time: done!
------ try sz rnn index query the 18th time
0 -- done ### distance=1800
1 -- done ### distance=1800
2 -- done ### distance=1800
3 -- done ### distance=1800
4 -- done ### distance=1800
5 -- done ### distance=1800
6 -- done ### distance=1800
7 -- done ### distance=1800
8 -- done ### distance=1800
9 -- done ### distance=1800
10 -- done ### distance=1800
11 -- done ### distance=1800
12 -- done ### distance=1800
13 -- done ### distance=1800
14 -- done ### distance=1800
15 -- done ### distance=1800
16 -- done ### distance=1800
17 -- done ### distance=1800
18 -- done ### distance=1800
19 -- done ### distance=1800
------ try sz rnn index query the 18th time: done!
------ try sz rnn index query the 19th time
0 -- done ### distance=1900
1 -- done ### distance=1900
2 -- done ### distance=1900
3 -- done ### distance=1900
4 -- done ### distance=1900
5 -- done ### distance=1900
6 -- done ### distance=1900
7 -- done ### distance=1900
8 -- done ### distance=1900
9 -- done ### distance=1900
10 -- done ### distance=1900
11 -- done ### distance=1900
12 -- done ### distance=1900
13 -- done ### distance=1900
14 -- done ### distance=1900
15 -- done ### distance=1900
16 -- done ### distance=1900
17 -- done ### distance=1900
18 -- done ### distance=1900
19 -- done ### distance=1900
------ try sz rnn index query the 19th time: done!
------ try sz rnn index query the 20th time
0 -- done ### distance=2000
1 -- done ### distance=2000
2 -- done ### distance=2000
3 -- done ### distance=2000
4 -- done ### distance=2000
5 -- done ### distance=2000
6 -- done ### distance=2000
7 -- done ### distance=2000
8 -- done ### distance=2000
9 -- done ### distance=2000
10 -- done ### distance=2000
11 -- done ### distance=2000
12 -- done ### distance=2000
13 -- done ### distance=2000
14 -- done ### distance=2000
15 -- done ### distance=2000
16 -- done ### distance=2000
17 -- done ### distance=2000
18 -- done ### distance=2000
19 -- done ### distance=2000
------ try sz rnn index query the 20th time: done!
------ try sz rnn index query the 21th time
0 -- done ### distance=2100
1 -- done ### distance=2100
2 -- done ### distance=2100
3 -- done ### distance=2100
4 -- done ### distance=2100
5 -- done ### distance=2100
6 -- done ### distance=2100
7 -- done ### distance=2100
8 -- done ### distance=2100
9 -- done ### distance=2100
10 -- done ### distance=2100
11 -- done ### distance=2100
12 -- done ### distance=2100
13 -- done ### distance=2100
14 -- done ### distance=2100
15 -- done ### distance=2100
16 -- done ### distance=2100
17 -- done ### distance=2100
18 -- done ### distance=2100
19 -- done ### distance=2100
------ try sz rnn index query the 21th time: done!
------ try sz rnn index query the 22th time
0 -- done ### distance=2200
1 -- done ### distance=2200
2 -- done ### distance=2200
3 -- done ### distance=2200
4 -- done ### distance=2200
5 -- done ### distance=2200
6 -- done ### distance=2200
7 -- done ### distance=2200
8 -- done ### distance=2200
9 -- done ### distance=2200
10 -- done ### distance=2200
11 -- done ### distance=2200
12 -- done ### distance=2200
13 -- done ### distance=2200
14 -- done ### distance=2200
15 -- done ### distance=2200
16 -- done ### distance=2200
17 -- done ### distance=2200
18 -- done ### distance=2200
19 -- done ### distance=2200
------ try sz rnn index query the 22th time: done!
------ try sz rnn index query the 23th time
0 -- done ### distance=2300
1 -- done ### distance=2300
2 -- done ### distance=2300
3 -- done ### distance=2300
4 -- done ### distance=2300
5 -- done ### distance=2300
6 -- done ### distance=2300
7 -- done ### distance=2300
8 -- done ### distance=2300
9 -- done ### distance=2300
10 -- done ### distance=2300
11 -- done ### distance=2300
12 -- done ### distance=2300
13 -- done ### distance=2300
14 -- done ### distance=2300
15 -- done ### distance=2300
16 -- done ### distance=2300
17 -- done ### distance=2300
18 -- done ### distance=2300
19 -- done ### distance=2300
------ try sz rnn index query the 23th time: done!
------ try sz rnn index query the 24th time
0 -- done ### distance=2400
1 -- done ### distance=2400
2 -- done ### distance=2400
3 -- done ### distance=2400
4 -- done ### distance=2400
5 -- done ### distance=2400
6 -- done ### distance=2400
7 -- done ### distance=2400
8 -- done ### distance=2400
9 -- done ### distance=2400
10 -- done ### distance=2400
11 -- done ### distance=2400
12 -- done ### distance=2400
13 -- done ### distance=2400
14 -- done ### distance=2400
15 -- done ### distance=2400
16 -- done ### distance=2400
17 -- done ### distance=2400
18 -- done ### distance=2400
19 -- done ### distance=2400
------ try sz rnn index query the 24th time: done!
------ try sz rnn index query the 25th time
0 -- done ### distance=2500
1 -- done ### distance=2500
2 -- done ### distance=2500
3 -- done ### distance=2500
4 -- done ### distance=2500
5 -- done ### distance=2500
6 -- done ### distance=2500
7 -- done ### distance=2500
8 -- done ### distance=2500
9 -- done ### distance=2500
10 -- done ### distance=2500
11 -- done ### distance=2500
12 -- done ### distance=2500
13 -- done ### distance=2500
14 -- done ### distance=2500
15 -- done ### distance=2500
16 -- done ### distance=2500
17 -- done ### distance=2500
18 -- done ### distance=2500
19 -- done ### distance=2500
------ try sz rnn index query the 25th time: done!
------ try sz rnn index query the 26th time
0 -- done ### distance=2600
1 -- done ### distance=2600
2 -- done ### distance=2600
3 -- done ### distance=2600
4 -- done ### distance=2600
5 -- done ### distance=2600
6 -- done ### distance=2600
7 -- done ### distance=2600
8 -- done ### distance=2600
9 -- done ### distance=2600
10 -- done ### distance=2600
11 -- done ### distance=2600
12 -- done ### distance=2600
13 -- done ### distance=2600
14 -- done ### distance=2600
15 -- done ### distance=2600
16 -- done ### distance=2600
17 -- done ### distance=2600
18 -- done ### distance=2600
19 -- done ### distance=2600
------ try sz rnn index query the 26th time: done!
------ try sz rnn index query the 27th time
0 -- done ### distance=2700
1 -- done ### distance=2700
2 -- done ### distance=2700
3 -- done ### distance=2700
4 -- done ### distance=2700
5 -- done ### distance=2700
6 -- done ### distance=2700
7 -- done ### distance=2700
8 -- done ### distance=2700
9 -- done ### distance=2700
10 -- done ### distance=2700
11 -- done ### distance=2700
12 -- done ### distance=2700
13 -- done ### distance=2700
14 -- done ### distance=2700
15 -- done ### distance=2700
16 -- done ### distance=2700
17 -- done ### distance=2700
18 -- done ### distance=2700
19 -- done ### distance=2700
------ try sz rnn index query the 27th time: done!
------ try sz rnn index query the 28th time
0 -- done ### distance=2800
1 -- done ### distance=2800
2 -- done ### distance=2800
3 -- done ### distance=2800
4 -- done ### distance=2800
5 -- done ### distance=2800
6 -- done ### distance=2800
7 -- done ### distance=2800
8 -- done ### distance=2800
9 -- done ### distance=2800
10 -- done ### distance=2800
11 -- done ### distance=2800
12 -- done ### distance=2800
13 -- done ### distance=2800
14 -- done ### distance=2800
15 -- done ### distance=2800
16 -- done ### distance=2800
17 -- done ### distance=2800
18 -- done ### distance=2800
19 -- done ### distance=2800
------ try sz rnn index query the 28th time: done!
------ try sz rnn index query the 29th time
0 -- done ### distance=2900
1 -- done ### distance=2900
2 -- done ### distance=2900
3 -- done ### distance=2900
4 -- done ### distance=2900
5 -- done ### distance=2900
6 -- done ### distance=2900
7 -- done ### distance=2900
8 -- done ### distance=2900
9 -- done ### distance=2900
10 -- done ### distance=2900
11 -- done ### distance=2900
12 -- done ### distance=2900
13 -- done ### distance=2900
14 -- done ### distance=2900
15 -- done ### distance=2900
16 -- done ### distance=2900
17 -- done ### distance=2900
18 -- done ### distance=2900
19 -- done ### distance=2900
------ try sz rnn index query the 29th time: done!
------ try sz rnn index query the 30th time
0 -- done ### distance=3000
1 -- done ### distance=3000
2 -- done ### distance=3000
3 -- done ### distance=3000
4 -- done ### distance=3000
5 -- done ### distance=3000
6 -- done ### distance=3000
7 -- done ### distance=3000
8 -- done ### distance=3000
9 -- done ### distance=3000
10 -- done ### distance=3000
11 -- done ### distance=3000
12 -- done ### distance=3000
13 -- done ### distance=3000
14 -- done ### distance=3000
15 -- done ### distance=3000
16 -- done ### distance=3000
17 -- done ### distance=3000
18 -- done ### distance=3000
19 -- done ### distance=3000
------ try sz rnn index query the 30th time: done!
------ try cd rnn index query the 1th time
0 -- done ### distance=100
1 -- done ### distance=100
2 -- done ### distance=100
3 -- done ### distance=100
4 -- done ### distance=100
5 -- done ### distance=100
6 -- done ### distance=100
7 -- done ### distance=100
8 -- done ### distance=100
9 -- done ### distance=100
10 -- done ### distance=100
11 -- done ### distance=100
12 -- done ### distance=100
13 -- done ### distance=100
14 -- done ### distance=100
15 -- done ### distance=100
16 -- done ### distance=100
17 -- done ### distance=100
18 -- done ### distance=100
19 -- done ### distance=100
------ try cd rnn index query the 1th time: done!
------ try cd rnn index query the 2th time
0 -- done ### distance=200
1 -- done ### distance=200
2 -- done ### distance=200
3 -- done ### distance=200
4 -- done ### distance=200
5 -- done ### distance=200
6 -- done ### distance=200
7 -- done ### distance=200
8 -- done ### distance=200
9 -- done ### distance=200
10 -- done ### distance=200
11 -- done ### distance=200
12 -- done ### distance=200
13 -- done ### distance=200
14 -- done ### distance=200
15 -- done ### distance=200
16 -- done ### distance=200
17 -- done ### distance=200
18 -- done ### distance=200
19 -- done ### distance=200
------ try cd rnn index query the 2th time: done!
------ try cd rnn index query the 3th time
0 -- done ### distance=300
1 -- done ### distance=300
2 -- done ### distance=300
3 -- done ### distance=300
4 -- done ### distance=300
5 -- done ### distance=300
6 -- done ### distance=300
7 -- done ### distance=300
8 -- done ### distance=300
9 -- done ### distance=300
10 -- done ### distance=300
11 -- done ### distance=300
12 -- done ### distance=300
13 -- done ### distance=300
14 -- done ### distance=300
15 -- done ### distance=300
16 -- done ### distance=300
17 -- done ### distance=300
18 -- done ### distance=300
19 -- done ### distance=300
------ try cd rnn index query the 3th time: done!
------ try cd rnn index query the 4th time
0 -- done ### distance=400
1 -- done ### distance=400
2 -- done ### distance=400
3 -- done ### distance=400
4 -- done ### distance=400
5 -- done ### distance=400
6 -- done ### distance=400
7 -- done ### distance=400
8 -- done ### distance=400
9 -- done ### distance=400
10 -- done ### distance=400
11 -- done ### distance=400
12 -- done ### distance=400
13 -- done ### distance=400
14 -- done ### distance=400
15 -- done ### distance=400
16 -- done ### distance=400
17 -- done ### distance=400
18 -- done ### distance=400
19 -- done ### distance=400
------ try cd rnn index query the 4th time: done!
------ try cd rnn index query the 5th time
0 -- done ### distance=500
1 -- done ### distance=500
2 -- done ### distance=500
3 -- done ### distance=500
4 -- done ### distance=500
5 -- done ### distance=500
6 -- done ### distance=500
7 -- done ### distance=500
8 -- done ### distance=500
9 -- done ### distance=500
10 -- done ### distance=500
11 -- done ### distance=500
12 -- done ### distance=500
13 -- done ### distance=500
14 -- done ### distance=500
15 -- done ### distance=500
16 -- done ### distance=500
17 -- done ### distance=500
18 -- done ### distance=500
19 -- done ### distance=500
------ try cd rnn index query the 5th time: done!
------ try cd rnn index query the 6th time
0 -- done ### distance=600
1 -- done ### distance=600
2 -- done ### distance=600
3 -- done ### distance=600
4 -- done ### distance=600
5 -- done ### distance=600
6 -- done ### distance=600
7 -- done ### distance=600
8 -- done ### distance=600
9 -- done ### distance=600
10 -- done ### distance=600
11 -- done ### distance=600
12 -- done ### distance=600
13 -- done ### distance=600
14 -- done ### distance=600
15 -- done ### distance=600
16 -- done ### distance=600
17 -- done ### distance=600
18 -- done ### distance=600
19 -- done ### distance=600
------ try cd rnn index query the 6th time: done!
------ try cd rnn index query the 7th time
0 -- done ### distance=700
1 -- done ### distance=700
2 -- done ### distance=700
3 -- done ### distance=700
4 -- done ### distance=700
5 -- done ### distance=700
6 -- done ### distance=700
7 -- done ### distance=700
8 -- done ### distance=700
9 -- done ### distance=700
10 -- done ### distance=700
11 -- done ### distance=700
12 -- done ### distance=700
13 -- done ### distance=700
14 -- done ### distance=700
15 -- done ### distance=700
16 -- done ### distance=700
17 -- done ### distance=700
18 -- done ### distance=700
19 -- done ### distance=700
------ try cd rnn index query the 7th time: done!
------ try cd rnn index query the 8th time
0 -- done ### distance=800
1 -- done ### distance=800
2 -- done ### distance=800
3 -- done ### distance=800
4 -- done ### distance=800
5 -- done ### distance=800
6 -- done ### distance=800
7 -- done ### distance=800
8 -- done ### distance=800
9 -- done ### distance=800
10 -- done ### distance=800
11 -- done ### distance=800
12 -- done ### distance=800
13 -- done ### distance=800
14 -- done ### distance=800
15 -- done ### distance=800
16 -- done ### distance=800
17 -- done ### distance=800
18 -- done ### distance=800
19 -- done ### distance=800
------ try cd rnn index query the 8th time: done!
------ try cd rnn index query the 9th time
0 -- done ### distance=900
1 -- done ### distance=900
2 -- done ### distance=900
3 -- done ### distance=900
4 -- done ### distance=900
5 -- done ### distance=900
6 -- done ### distance=900
7 -- done ### distance=900
8 -- done ### distance=900
9 -- done ### distance=900
10 -- done ### distance=900
11 -- done ### distance=900
12 -- done ### distance=900
13 -- done ### distance=900
14 -- done ### distance=900
15 -- done ### distance=900
16 -- done ### distance=900
17 -- done ### distance=900
18 -- done ### distance=900
19 -- done ### distance=900
------ try cd rnn index query the 9th time: done!
------ try cd rnn index query the 10th time
0 -- done ### distance=1000
1 -- done ### distance=1000
2 -- done ### distance=1000
3 -- done ### distance=1000
4 -- done ### distance=1000
5 -- done ### distance=1000
6 -- done ### distance=1000
7 -- done ### distance=1000
8 -- done ### distance=1000
9 -- done ### distance=1000
10 -- done ### distance=1000
11 -- done ### distance=1000
12 -- done ### distance=1000
13 -- done ### distance=1000
14 -- done ### distance=1000
15 -- done ### distance=1000
16 -- done ### distance=1000
17 -- done ### distance=1000
18 -- done ### distance=1000
19 -- done ### distance=1000
------ try cd rnn index query the 10th time: done!
------ try cd rnn index query the 11th time
0 -- done ### distance=1100
1 -- done ### distance=1100
2 -- done ### distance=1100
3 -- done ### distance=1100
4 -- done ### distance=1100
5 -- done ### distance=1100
6 -- done ### distance=1100
7 -- done ### distance=1100
8 -- done ### distance=1100
9 -- done ### distance=1100
10 -- done ### distance=1100
11 -- done ### distance=1100
12 -- done ### distance=1100
13 -- done ### distance=1100
14 -- done ### distance=1100
15 -- done ### distance=1100
16 -- done ### distance=1100
17 -- done ### distance=1100
18 -- done ### distance=1100
19 -- done ### distance=1100
------ try cd rnn index query the 11th time: done!
------ try cd rnn index query the 12th time
0 -- done ### distance=1200
1 -- done ### distance=1200
2 -- done ### distance=1200
3 -- done ### distance=1200
4 -- done ### distance=1200
5 -- done ### distance=1200
6 -- done ### distance=1200
7 -- done ### distance=1200
8 -- done ### distance=1200
9 -- done ### distance=1200
10 -- done ### distance=1200
11 -- done ### distance=1200
12 -- done ### distance=1200
13 -- done ### distance=1200
14 -- done ### distance=1200
15 -- done ### distance=1200
16 -- done ### distance=1200
17 -- done ### distance=1200
18 -- done ### distance=1200
19 -- done ### distance=1200
------ try cd rnn index query the 12th time: done!
------ try cd rnn index query the 13th time
0 -- done ### distance=1300
1 -- done ### distance=1300
2 -- done ### distance=1300
3 -- done ### distance=1300
4 -- done ### distance=1300
5 -- done ### distance=1300
6 -- done ### distance=1300
7 -- done ### distance=1300
8 -- done ### distance=1300
9 -- done ### distance=1300
10 -- done ### distance=1300
11 -- done ### distance=1300
12 -- done ### distance=1300
13 -- done ### distance=1300
14 -- done ### distance=1300
15 -- done ### distance=1300
16 -- done ### distance=1300
17 -- done ### distance=1300
18 -- done ### distance=1300
19 -- done ### distance=1300
------ try cd rnn index query the 13th time: done!
------ try cd rnn index query the 14th time
0 -- done ### distance=1400
1 -- done ### distance=1400
2 -- done ### distance=1400
3 -- done ### distance=1400
4 -- done ### distance=1400
5 -- done ### distance=1400
6 -- done ### distance=1400
7 -- done ### distance=1400
8 -- done ### distance=1400
9 -- done ### distance=1400
10 -- done ### distance=1400
11 -- done ### distance=1400
12 -- done ### distance=1400
13 -- done ### distance=1400
14 -- done ### distance=1400
15 -- done ### distance=1400
16 -- done ### distance=1400
17 -- done ### distance=1400
18 -- done ### distance=1400
19 -- done ### distance=1400
------ try cd rnn index query the 14th time: done!
------ try cd rnn index query the 15th time
0 -- done ### distance=1500
1 -- done ### distance=1500
2 -- done ### distance=1500
3 -- done ### distance=1500
4 -- done ### distance=1500
5 -- done ### distance=1500
6 -- done ### distance=1500
7 -- done ### distance=1500
8 -- done ### distance=1500
9 -- done ### distance=1500
10 -- done ### distance=1500
11 -- done ### distance=1500
12 -- done ### distance=1500
13 -- done ### distance=1500
14 -- done ### distance=1500
15 -- done ### distance=1500
16 -- done ### distance=1500
17 -- done ### distance=1500
18 -- done ### distance=1500
19 -- done ### distance=1500
------ try cd rnn index query the 15th time: done!
------ try cd rnn index query the 16th time
0 -- done ### distance=1600
1 -- done ### distance=1600
2 -- done ### distance=1600
3 -- done ### distance=1600
4 -- done ### distance=1600
5 -- done ### distance=1600
6 -- done ### distance=1600
7 -- done ### distance=1600
8 -- done ### distance=1600
9 -- done ### distance=1600
10 -- done ### distance=1600
11 -- done ### distance=1600
12 -- done ### distance=1600
13 -- done ### distance=1600
14 -- done ### distance=1600
15 -- done ### distance=1600
16 -- done ### distance=1600
17 -- done ### distance=1600
18 -- done ### distance=1600
19 -- done ### distance=1600
------ try cd rnn index query the 16th time: done!
------ try cd rnn index query the 17th time
0 -- done ### distance=1700
1 -- done ### distance=1700
2 -- done ### distance=1700
3 -- done ### distance=1700
4 -- done ### distance=1700
5 -- done ### distance=1700
6 -- done ### distance=1700
7 -- done ### distance=1700
8 -- done ### distance=1700
9 -- done ### distance=1700
10 -- done ### distance=1700
11 -- done ### distance=1700
12 -- done ### distance=1700
13 -- done ### distance=1700
14 -- done ### distance=1700
15 -- done ### distance=1700
16 -- done ### distance=1700
17 -- done ### distance=1700
18 -- done ### distance=1700
19 -- done ### distance=1700
------ try cd rnn index query the 17th time: done!
------ try cd rnn index query the 18th time
0 -- done ### distance=1800
1 -- done ### distance=1800
2 -- done ### distance=1800
3 -- done ### distance=1800
4 -- done ### distance=1800
5 -- done ### distance=1800
6 -- done ### distance=1800
7 -- done ### distance=1800
8 -- done ### distance=1800
9 -- done ### distance=1800
10 -- done ### distance=1800
11 -- done ### distance=1800
12 -- done ### distance=1800
13 -- done ### distance=1800
14 -- done ### distance=1800
15 -- done ### distance=1800
16 -- done ### distance=1800
17 -- done ### distance=1800
18 -- done ### distance=1800
19 -- done ### distance=1800
------ try cd rnn index query the 18th time: done!
------ try cd rnn index query the 19th time
0 -- done ### distance=1900
1 -- done ### distance=1900
2 -- done ### distance=1900
3 -- done ### distance=1900
4 -- done ### distance=1900
5 -- done ### distance=1900
6 -- done ### distance=1900
7 -- done ### distance=1900
8 -- done ### distance=1900
9 -- done ### distance=1900
10 -- done ### distance=1900
11 -- done ### distance=1900
12 -- done ### distance=1900
13 -- done ### distance=1900
14 -- done ### distance=1900
15 -- done ### distance=1900
16 -- done ### distance=1900
17 -- done ### distance=1900
18 -- done ### distance=1900
19 -- done ### distance=1900
------ try cd rnn index query the 19th time: done!
------ try cd rnn index query the 20th time
0 -- done ### distance=2000
1 -- done ### distance=2000
2 -- done ### distance=2000
3 -- done ### distance=2000
4 -- done ### distance=2000
5 -- done ### distance=2000
6 -- done ### distance=2000
7 -- done ### distance=2000
8 -- done ### distance=2000
9 -- done ### distance=2000
10 -- done ### distance=2000
11 -- done ### distance=2000
12 -- done ### distance=2000
13 -- done ### distance=2000
14 -- done ### distance=2000
15 -- done ### distance=2000
16 -- done ### distance=2000
17 -- done ### distance=2000
18 -- done ### distance=2000
19 -- done ### distance=2000
------ try cd rnn index query the 20th time: done!
------ try cd rnn index query the 21th time
0 -- done ### distance=2100
1 -- done ### distance=2100
2 -- done ### distance=2100
3 -- done ### distance=2100
4 -- done ### distance=2100
5 -- done ### distance=2100
6 -- done ### distance=2100
7 -- done ### distance=2100
8 -- done ### distance=2100
9 -- done ### distance=2100
10 -- done ### distance=2100
11 -- done ### distance=2100
12 -- done ### distance=2100
13 -- done ### distance=2100
14 -- done ### distance=2100
15 -- done ### distance=2100
16 -- done ### distance=2100
17 -- done ### distance=2100
18 -- done ### distance=2100
19 -- done ### distance=2100
------ try cd rnn index query the 21th time: done!
------ try cd rnn index query the 22th time
0 -- done ### distance=2200
1 -- done ### distance=2200
2 -- done ### distance=2200
3 -- done ### distance=2200
4 -- done ### distance=2200
5 -- done ### distance=2200
6 -- done ### distance=2200
7 -- done ### distance=2200
8 -- done ### distance=2200
9 -- done ### distance=2200
10 -- done ### distance=2200
11 -- done ### distance=2200
12 -- done ### distance=2200
13 -- done ### distance=2200
14 -- done ### distance=2200
15 -- done ### distance=2200
16 -- done ### distance=2200
17 -- done ### distance=2200
18 -- done ### distance=2200
19 -- done ### distance=2200
------ try cd rnn index query the 22th time: done!
------ try cd rnn index query the 23th time
0 -- done ### distance=2300
1 -- done ### distance=2300
2 -- done ### distance=2300
3 -- done ### distance=2300
4 -- done ### distance=2300
5 -- done ### distance=2300
6 -- done ### distance=2300
7 -- done ### distance=2300
8 -- done ### distance=2300
9 -- done ### distance=2300
10 -- done ### distance=2300
11 -- done ### distance=2300
12 -- done ### distance=2300
13 -- done ### distance=2300
14 -- done ### distance=2300
15 -- done ### distance=2300
16 -- done ### distance=2300
17 -- done ### distance=2300
18 -- done ### distance=2300
19 -- done ### distance=2300
------ try cd rnn index query the 23th time: done!
------ try cd rnn index query the 24th time
0 -- done ### distance=2400
1 -- done ### distance=2400
2 -- done ### distance=2400
3 -- done ### distance=2400
4 -- done ### distance=2400
5 -- done ### distance=2400
6 -- done ### distance=2400
7 -- done ### distance=2400
8 -- done ### distance=2400
9 -- done ### distance=2400
10 -- done ### distance=2400
11 -- done ### distance=2400
12 -- done ### distance=2400
13 -- done ### distance=2400
14 -- done ### distance=2400
15 -- done ### distance=2400
16 -- done ### distance=2400
17 -- done ### distance=2400
18 -- done ### distance=2400
19 -- done ### distance=2400
------ try cd rnn index query the 24th time: done!
------ try cd rnn index query the 25th time
0 -- done ### distance=2500
1 -- done ### distance=2500
2 -- done ### distance=2500
3 -- done ### distance=2500
4 -- done ### distance=2500
5 -- done ### distance=2500
6 -- done ### distance=2500
7 -- done ### distance=2500
8 -- done ### distance=2500
9 -- done ### distance=2500
10 -- done ### distance=2500
11 -- done ### distance=2500
12 -- done ### distance=2500
13 -- done ### distance=2500
14 -- done ### distance=2500
15 -- done ### distance=2500
16 -- done ### distance=2500
17 -- done ### distance=2500
18 -- done ### distance=2500
19 -- done ### distance=2500
------ try cd rnn index query the 25th time: done!
------ try cd rnn index query the 26th time
0 -- done ### distance=2600
1 -- done ### distance=2600
2 -- done ### distance=2600
3 -- done ### distance=2600
4 -- done ### distance=2600
5 -- done ### distance=2600
6 -- done ### distance=2600
7 -- done ### distance=2600
8 -- done ### distance=2600
9 -- done ### distance=2600
10 -- done ### distance=2600
11 -- done ### distance=2600
12 -- done ### distance=2600
13 -- done ### distance=2600
14 -- done ### distance=2600
15 -- done ### distance=2600
16 -- done ### distance=2600
17 -- done ### distance=2600
18 -- done ### distance=2600
19 -- done ### distance=2600
------ try cd rnn index query the 26th time: done!
------ try cd rnn index query the 27th time
0 -- done ### distance=2700
1 -- done ### distance=2700
2 -- done ### distance=2700
3 -- done ### distance=2700
4 -- done ### distance=2700
5 -- done ### distance=2700
6 -- done ### distance=2700
7 -- done ### distance=2700
8 -- done ### distance=2700
9 -- done ### distance=2700
10 -- done ### distance=2700
11 -- done ### distance=2700
12 -- done ### distance=2700
13 -- done ### distance=2700
14 -- done ### distance=2700
15 -- done ### distance=2700
16 -- done ### distance=2700
17 -- done ### distance=2700
18 -- done ### distance=2700
19 -- done ### distance=2700
------ try cd rnn index query the 27th time: done!
------ try cd rnn index query the 28th time
0 -- done ### distance=2800
1 -- done ### distance=2800
2 -- done ### distance=2800
3 -- done ### distance=2800
4 -- done ### distance=2800
5 -- done ### distance=2800
6 -- done ### distance=2800
7 -- done ### distance=2800
8 -- done ### distance=2800
9 -- done ### distance=2800
10 -- done ### distance=2800
11 -- done ### distance=2800
12 -- done ### distance=2800
13 -- done ### distance=2800
14 -- done ### distance=2800
15 -- done ### distance=2800
16 -- done ### distance=2800
17 -- done ### distance=2800
18 -- done ### distance=2800
19 -- done ### distance=2800
------ try cd rnn index query the 28th time: done!
------ try cd rnn index query the 29th time
0 -- done ### distance=2900
1 -- done ### distance=2900
2 -- done ### distance=2900
3 -- done ### distance=2900
4 -- done ### distance=2900
5 -- done ### distance=2900
6 -- done ### distance=2900
7 -- done ### distance=2900
8 -- done ### distance=2900
9 -- done ### distance=2900
10 -- done ### distance=2900
11 -- done ### distance=2900
12 -- done ### distance=2900
13 -- done ### distance=2900
14 -- done ### distance=2900
15 -- done ### distance=2900
16 -- done ### distance=2900
17 -- done ### distance=2900
18 -- done ### distance=2900
19 -- done ### distance=2900
------ try cd rnn index query the 29th time: done!
------ try cd rnn index query the 30th time
0 -- done ### distance=3000
1 -- done ### distance=3000
2 -- done ### distance=3000
3 -- done ### distance=3000
4 -- done ### distance=3000
5 -- done ### distance=3000
6 -- done ### distance=3000
7 -- done ### distance=3000
8 -- done ### distance=3000
9 -- done ### distance=3000
10 -- done ### distance=3000
11 -- done ### distance=3000
12 -- done ### distance=3000
13 -- done ### distance=3000
14 -- done ### distance=3000
15 -- done ### distance=3000
16 -- done ### distance=3000
17 -- done ### distance=3000
18 -- done ### distance=3000
19 -- done ### distance=3000
------ try cd rnn index query the 30th time: done!
------ try porto rnn index query the 1th time
0 -- done ### distance=100
1 -- done ### distance=100
2 -- done ### distance=100
3 -- done ### distance=100
4 -- done ### distance=100
5 -- done ### distance=100
6 -- done ### distance=100
7 -- done ### distance=100
8 -- done ### distance=100
9 -- done ### distance=100
10 -- done ### distance=100
11 -- done ### distance=100
12 -- done ### distance=100
13 -- done ### distance=100
14 -- done ### distance=100
15 -- done ### distance=100
16 -- done ### distance=100
17 -- done ### distance=100
18 -- done ### distance=100
19 -- done ### distance=100
------ try porto rnn index query the 1th time: done!
------ try porto rnn index query the 2th time
0 -- done ### distance=200
1 -- done ### distance=200
2 -- done ### distance=200
3 -- done ### distance=200
4 -- done ### distance=200
5 -- done ### distance=200
6 -- done ### distance=200
7 -- done ### distance=200
8 -- done ### distance=200
9 -- done ### distance=200
10 -- done ### distance=200
11 -- done ### distance=200
12 -- done ### distance=200
13 -- done ### distance=200
14 -- done ### distance=200
15 -- done ### distance=200
16 -- done ### distance=200
17 -- done ### distance=200
18 -- done ### distance=200
19 -- done ### distance=200
------ try porto rnn index query the 2th time: done!
------ try porto rnn index query the 3th time
0 -- done ### distance=300
1 -- done ### distance=300
2 -- done ### distance=300
3 -- done ### distance=300
4 -- done ### distance=300
5 -- done ### distance=300
6 -- done ### distance=300
7 -- done ### distance=300
8 -- done ### distance=300
9 -- done ### distance=300
10 -- done ### distance=300
11 -- done ### distance=300
12 -- done ### distance=300
13 -- done ### distance=300
14 -- done ### distance=300
15 -- done ### distance=300
16 -- done ### distance=300
17 -- done ### distance=300
18 -- done ### distance=300
19 -- done ### distance=300
------ try porto rnn index query the 3th time: done!
------ try porto rnn index query the 4th time
0 -- done ### distance=400
1 -- done ### distance=400
2 -- done ### distance=400
3 -- done ### distance=400
4 -- done ### distance=400
5 -- done ### distance=400
6 -- done ### distance=400
7 -- done ### distance=400
8 -- done ### distance=400
9 -- done ### distance=400
10 -- done ### distance=400
11 -- done ### distance=400
12 -- done ### distance=400
13 -- done ### distance=400
14 -- done ### distance=400
15 -- done ### distance=400
16 -- done ### distance=400
17 -- done ### distance=400
18 -- done ### distance=400
19 -- done ### distance=400
------ try porto rnn index query the 4th time: done!
------ try porto rnn index query the 5th time
0 -- done ### distance=500
1 -- done ### distance=500
2 -- done ### distance=500
3 -- done ### distance=500
4 -- done ### distance=500
5 -- done ### distance=500
6 -- done ### distance=500
7 -- done ### distance=500
8 -- done ### distance=500
9 -- done ### distance=500
10 -- done ### distance=500
11 -- done ### distance=500
12 -- done ### distance=500
13 -- done ### distance=500
14 -- done ### distance=500
15 -- done ### distance=500
16 -- done ### distance=500
17 -- done ### distance=500
18 -- done ### distance=500
19 -- done ### distance=500
------ try porto rnn index query the 5th time: done!
------ try porto rnn index query the 6th time
0 -- done ### distance=600
1 -- done ### distance=600
2 -- done ### distance=600
3 -- done ### distance=600
4 -- done ### distance=600
5 -- done ### distance=600
6 -- done ### distance=600
7 -- done ### distance=600
8 -- done ### distance=600
9 -- done ### distance=600
10 -- done ### distance=600
11 -- done ### distance=600
12 -- done ### distance=600
13 -- done ### distance=600
14 -- done ### distance=600
15 -- done ### distance=600
16 -- done ### distance=600
17 -- done ### distance=600
18 -- done ### distance=600
19 -- done ### distance=600
------ try porto rnn index query the 6th time: done!
------ try porto rnn index query the 7th time
0 -- done ### distance=700
1 -- done ### distance=700
2 -- done ### distance=700
3 -- done ### distance=700
4 -- done ### distance=700
5 -- done ### distance=700
6 -- done ### distance=700
7 -- done ### distance=700
8 -- done ### distance=700
9 -- done ### distance=700
10 -- done ### distance=700
11 -- done ### distance=700
12 -- done ### distance=700
13 -- done ### distance=700
14 -- done ### distance=700
15 -- done ### distance=700
16 -- done ### distance=700
17 -- done ### distance=700
18 -- done ### distance=700
19 -- done ### distance=700
------ try porto rnn index query the 7th time: done!
------ try porto rnn index query the 8th time
0 -- done ### distance=800
1 -- done ### distance=800
2 -- done ### distance=800
3 -- done ### distance=800
4 -- done ### distance=800
5 -- done ### distance=800
6 -- done ### distance=800
7 -- done ### distance=800
8 -- done ### distance=800
9 -- done ### distance=800
10 -- done ### distance=800
11 -- done ### distance=800
12 -- done ### distance=800
13 -- done ### distance=800
14 -- done ### distance=800
15 -- done ### distance=800
16 -- done ### distance=800
17 -- done ### distance=800
18 -- done ### distance=800
19 -- done ### distance=800
------ try porto rnn index query the 8th time: done!
------ try porto rnn index query the 9th time
0 -- done ### distance=900
1 -- done ### distance=900
2 -- done ### distance=900
3 -- done ### distance=900
4 -- done ### distance=900
5 -- done ### distance=900
6 -- done ### distance=900
7 -- done ### distance=900
8 -- done ### distance=900
9 -- done ### distance=900
10 -- done ### distance=900
11 -- done ### distance=900
12 -- done ### distance=900
13 -- done ### distance=900
14 -- done ### distance=900
15 -- done ### distance=900
16 -- done ### distance=900
17 -- done ### distance=900
18 -- done ### distance=900
19 -- done ### distance=900
------ try porto rnn index query the 9th time: done!
------ try porto rnn index query the 10th time
0 -- done ### distance=1000
1 -- done ### distance=1000
2 -- done ### distance=1000
3 -- done ### distance=1000
4 -- done ### distance=1000
5 -- done ### distance=1000
6 -- done ### distance=1000
7 -- done ### distance=1000
8 -- done ### distance=1000
9 -- done ### distance=1000
10 -- done ### distance=1000
11 -- done ### distance=1000
12 -- done ### distance=1000
13 -- done ### distance=1000
14 -- done ### distance=1000
15 -- done ### distance=1000
16 -- done ### distance=1000
17 -- done ### distance=1000
18 -- done ### distance=1000
19 -- done ### distance=1000
------ try porto rnn index query the 10th time: done!
------ try porto rnn index query the 11th time
0 -- done ### distance=1100
1 -- done ### distance=1100
2 -- done ### distance=1100
3 -- done ### distance=1100
4 -- done ### distance=1100
5 -- done ### distance=1100
6 -- done ### distance=1100
7 -- done ### distance=1100
8 -- done ### distance=1100
9 -- done ### distance=1100
10 -- done ### distance=1100
11 -- done ### distance=1100
12 -- done ### distance=1100
13 -- done ### distance=1100
14 -- done ### distance=1100
15 -- done ### distance=1100
16 -- done ### distance=1100
17 -- done ### distance=1100
18 -- done ### distance=1100
19 -- done ### distance=1100
------ try porto rnn index query the 11th time: done!
------ try porto rnn index query the 12th time
0 -- done ### distance=1200
1 -- done ### distance=1200
2 -- done ### distance=1200
3 -- done ### distance=1200
4 -- done ### distance=1200
5 -- done ### distance=1200
6 -- done ### distance=1200
7 -- done ### distance=1200
8 -- done ### distance=1200
9 -- done ### distance=1200
10 -- done ### distance=1200
11 -- done ### distance=1200
12 -- done ### distance=1200
13 -- done ### distance=1200
14 -- done ### distance=1200
15 -- done ### distance=1200
16 -- done ### distance=1200
17 -- done ### distance=1200
18 -- done ### distance=1200
19 -- done ### distance=1200
------ try porto rnn index query the 12th time: done!
------ try porto rnn index query the 13th time
0 -- done ### distance=1300
1 -- done ### distance=1300
2 -- done ### distance=1300
3 -- done ### distance=1300
4 -- done ### distance=1300
5 -- done ### distance=1300
6 -- done ### distance=1300
7 -- done ### distance=1300
8 -- done ### distance=1300
9 -- done ### distance=1300
10 -- done ### distance=1300
11 -- done ### distance=1300
12 -- done ### distance=1300
13 -- done ### distance=1300
14 -- done ### distance=1300
15 -- done ### distance=1300
16 -- done ### distance=1300
17 -- done ### distance=1300
18 -- done ### distance=1300
19 -- done ### distance=1300
------ try porto rnn index query the 13th time: done!
------ try porto rnn index query the 14th time
0 -- done ### distance=1400
1 -- done ### distance=1400
2 -- done ### distance=1400
3 -- done ### distance=1400
4 -- done ### distance=1400
5 -- done ### distance=1400
6 -- done ### distance=1400
7 -- done ### distance=1400
8 -- done ### distance=1400
9 -- done ### distance=1400
10 -- done ### distance=1400
11 -- done ### distance=1400
12 -- done ### distance=1400
13 -- done ### distance=1400
14 -- done ### distance=1400
15 -- done ### distance=1400
16 -- done ### distance=1400
17 -- done ### distance=1400
18 -- done ### distance=1400
19 -- done ### distance=1400
------ try porto rnn index query the 14th time: done!
------ try porto rnn index query the 15th time
0 -- done ### distance=1500
1 -- done ### distance=1500
2 -- done ### distance=1500
3 -- done ### distance=1500
4 -- done ### distance=1500
5 -- done ### distance=1500
6 -- done ### distance=1500
7 -- done ### distance=1500
8 -- done ### distance=1500
9 -- done ### distance=1500
10 -- done ### distance=1500
11 -- done ### distance=1500
12 -- done ### distance=1500
13 -- done ### distance=1500
14 -- done ### distance=1500
15 -- done ### distance=1500
16 -- done ### distance=1500
17 -- done ### distance=1500
18 -- done ### distance=1500
19 -- done ### distance=1500
------ try porto rnn index query the 15th time: done!
------ try porto rnn index query the 16th time
0 -- done ### distance=1600
1 -- done ### distance=1600
2 -- done ### distance=1600
3 -- done ### distance=1600
4 -- done ### distance=1600
5 -- done ### distance=1600
6 -- done ### distance=1600
7 -- done ### distance=1600
8 -- done ### distance=1600
9 -- done ### distance=1600
10 -- done ### distance=1600
11 -- done ### distance=1600
12 -- done ### distance=1600
13 -- done ### distance=1600
14 -- done ### distance=1600
15 -- done ### distance=1600
16 -- done ### distance=1600
17 -- done ### distance=1600
18 -- done ### distance=1600
19 -- done ### distance=1600
------ try porto rnn index query the 16th time: done!
------ try porto rnn index query the 17th time
0 -- done ### distance=1700
1 -- done ### distance=1700
2 -- done ### distance=1700
3 -- done ### distance=1700
4 -- done ### distance=1700
5 -- done ### distance=1700
6 -- done ### distance=1700
7 -- done ### distance=1700
8 -- done ### distance=1700
9 -- done ### distance=1700
10 -- done ### distance=1700
11 -- done ### distance=1700
12 -- done ### distance=1700
13 -- done ### distance=1700
14 -- done ### distance=1700
15 -- done ### distance=1700
16 -- done ### distance=1700
17 -- done ### distance=1700
18 -- done ### distance=1700
19 -- done ### distance=1700
------ try porto rnn index query the 17th time: done!
------ try porto rnn index query the 18th time
0 -- done ### distance=1800
1 -- done ### distance=1800
2 -- done ### distance=1800
3 -- done ### distance=1800
4 -- done ### distance=1800
5 -- done ### distance=1800
6 -- done ### distance=1800
7 -- done ### distance=1800
8 -- done ### distance=1800
9 -- done ### distance=1800
10 -- done ### distance=1800
11 -- done ### distance=1800
12 -- done ### distance=1800
13 -- done ### distance=1800
14 -- done ### distance=1800
15 -- done ### distance=1800
16 -- done ### distance=1800
17 -- done ### distance=1800
18 -- done ### distance=1800
19 -- done ### distance=1800
------ try porto rnn index query the 18th time: done!
------ try porto rnn index query the 19th time
0 -- done ### distance=1900
1 -- done ### distance=1900
2 -- done ### distance=1900
3 -- done ### distance=1900
4 -- done ### distance=1900
5 -- done ### distance=1900
6 -- done ### distance=1900
7 -- done ### distance=1900
8 -- done ### distance=1900
9 -- done ### distance=1900
10 -- done ### distance=1900
11 -- done ### distance=1900
12 -- done ### distance=1900
13 -- done ### distance=1900
14 -- done ### distance=1900
15 -- done ### distance=1900
16 -- done ### distance=1900
17 -- done ### distance=1900
18 -- done ### distance=1900
19 -- done ### distance=1900
------ try porto rnn index query the 19th time: done!
------ try porto rnn index query the 20th time
0 -- done ### distance=2000
1 -- done ### distance=2000
2 -- done ### distance=2000
3 -- done ### distance=2000
4 -- done ### distance=2000
5 -- done ### distance=2000
6 -- done ### distance=2000
7 -- done ### distance=2000
8 -- done ### distance=2000
9 -- done ### distance=2000
10 -- done ### distance=2000
11 -- done ### distance=2000
12 -- done ### distance=2000
13 -- done ### distance=2000
14 -- done ### distance=2000
15 -- done ### distance=2000
16 -- done ### distance=2000
17 -- done ### distance=2000
18 -- done ### distance=2000
19 -- done ### distance=2000
------ try porto rnn index query the 20th time: done!
------ try porto rnn index query the 21th time
0 -- done ### distance=2100
1 -- done ### distance=2100
2 -- done ### distance=2100
3 -- done ### distance=2100
4 -- done ### distance=2100
5 -- done ### distance=2100
6 -- done ### distance=2100
7 -- done ### distance=2100
8 -- done ### distance=2100
9 -- done ### distance=2100
10 -- done ### distance=2100
11 -- done ### distance=2100
12 -- done ### distance=2100
13 -- done ### distance=2100
14 -- done ### distance=2100
15 -- done ### distance=2100
16 -- done ### distance=2100
17 -- done ### distance=2100
18 -- done ### distance=2100
19 -- done ### distance=2100
------ try porto rnn index query the 21th time: done!
------ try porto rnn index query the 22th time
0 -- done ### distance=2200
1 -- done ### distance=2200
2 -- done ### distance=2200
3 -- done ### distance=2200
4 -- done ### distance=2200
5 -- done ### distance=2200
6 -- done ### distance=2200
7 -- done ### distance=2200
8 -- done ### distance=2200
9 -- done ### distance=2200
10 -- done ### distance=2200
11 -- done ### distance=2200
12 -- done ### distance=2200
13 -- done ### distance=2200
14 -- done ### distance=2200
15 -- done ### distance=2200
16 -- done ### distance=2200
17 -- done ### distance=2200
18 -- done ### distance=2200
19 -- done ### distance=2200
------ try porto rnn index query the 22th time: done!
------ try porto rnn index query the 23th time
0 -- done ### distance=2300
1 -- done ### distance=2300
2 -- done ### distance=2300
3 -- done ### distance=2300
4 -- done ### distance=2300
5 -- done ### distance=2300
6 -- done ### distance=2300
7 -- done ### distance=2300
8 -- done ### distance=2300
9 -- done ### distance=2300
10 -- done ### distance=2300
11 -- done ### distance=2300
12 -- done ### distance=2300
13 -- done ### distance=2300
14 -- done ### distance=2300
15 -- done ### distance=2300
16 -- done ### distance=2300
17 -- done ### distance=2300
18 -- done ### distance=2300
19 -- done ### distance=2300
------ try porto rnn index query the 23th time: done!
------ try porto rnn index query the 24th time
0 -- done ### distance=2400
1 -- done ### distance=2400
2 -- done ### distance=2400
3 -- done ### distance=2400
4 -- done ### distance=2400
5 -- done ### distance=2400
6 -- done ### distance=2400
7 -- done ### distance=2400
8 -- done ### distance=2400
9 -- done ### distance=2400
10 -- done ### distance=2400
11 -- done ### distance=2400
12 -- done ### distance=2400
13 -- done ### distance=2400
14 -- done ### distance=2400
15 -- done ### distance=2400
16 -- done ### distance=2400
17 -- done ### distance=2400
18 -- done ### distance=2400
19 -- done ### distance=2400
------ try porto rnn index query the 24th time: done!
------ try porto rnn index query the 25th time
0 -- done ### distance=2500
1 -- done ### distance=2500
2 -- done ### distance=2500
3 -- done ### distance=2500
4 -- done ### distance=2500
5 -- done ### distance=2500
6 -- done ### distance=2500
7 -- done ### distance=2500
8 -- done ### distance=2500
9 -- done ### distance=2500
10 -- done ### distance=2500
11 -- done ### distance=2500
12 -- done ### distance=2500
13 -- done ### distance=2500
14 -- done ### distance=2500
15 -- done ### distance=2500
16 -- done ### distance=2500
17 -- done ### distance=2500
18 -- done ### distance=2500
19 -- done ### distance=2500
------ try porto rnn index query the 25th time: done!
------ try porto rnn index query the 26th time
0 -- done ### distance=2600
1 -- done ### distance=2600
2 -- done ### distance=2600
3 -- done ### distance=2600
4 -- done ### distance=2600
5 -- done ### distance=2600
6 -- done ### distance=2600
7 -- done ### distance=2600
8 -- done ### distance=2600
9 -- done ### distance=2600
10 -- done ### distance=2600
11 -- done ### distance=2600
12 -- done ### distance=2600
13 -- done ### distance=2600
14 -- done ### distance=2600
15 -- done ### distance=2600
16 -- done ### distance=2600
17 -- done ### distance=2600
18 -- done ### distance=2600
19 -- done ### distance=2600
------ try porto rnn index query the 26th time: done!
------ try porto rnn index query the 27th time
0 -- done ### distance=2700
1 -- done ### distance=2700
2 -- done ### distance=2700
3 -- done ### distance=2700
4 -- done ### distance=2700
5 -- done ### distance=2700
6 -- done ### distance=2700
7 -- done ### distance=2700
8 -- done ### distance=2700
9 -- done ### distance=2700
10 -- done ### distance=2700
11 -- done ### distance=2700
12 -- done ### distance=2700
13 -- done ### distance=2700
14 -- done ### distance=2700
15 -- done ### distance=2700
16 -- done ### distance=2700
17 -- done ### distance=2700
18 -- done ### distance=2700
19 -- done ### distance=2700
------ try porto rnn index query the 27th time: done!
------ try porto rnn index query the 28th time
0 -- done ### distance=2800
1 -- done ### distance=2800
2 -- done ### distance=2800
3 -- done ### distance=2800
4 -- done ### distance=2800
5 -- done ### distance=2800
6 -- done ### distance=2800
7 -- done ### distance=2800
8 -- done ### distance=2800
9 -- done ### distance=2800
10 -- done ### distance=2800
11 -- done ### distance=2800
12 -- done ### distance=2800
13 -- done ### distance=2800
14 -- done ### distance=2800
15 -- done ### distance=2800
16 -- done ### distance=2800
17 -- done ### distance=2800
18 -- done ### distance=2800
19 -- done ### distance=2800
------ try porto rnn index query the 28th time: done!
------ try porto rnn index query the 29th time
0 -- done ### distance=2900
1 -- done ### distance=2900
2 -- done ### distance=2900
3 -- done ### distance=2900
4 -- done ### distance=2900
5 -- done ### distance=2900
6 -- done ### distance=2900
7 -- done ### distance=2900
8 -- done ### distance=2900
9 -- done ### distance=2900
10 -- done ### distance=2900
11 -- done ### distance=2900
12 -- done ### distance=2900
13 -- done ### distance=2900
14 -- done ### distance=2900
15 -- done ### distance=2900
16 -- done ### distance=2900
17 -- done ### distance=2900
18 -- done ### distance=2900
19 -- done ### distance=2900
------ try porto rnn index query the 29th time: done!
------ try porto rnn index query the 30th time
0 -- done ### distance=3000
1 -- done ### distance=3000
2 -- done ### distance=3000
3 -- done ### distance=3000
4 -- done ### distance=3000
5 -- done ### distance=3000
6 -- done ### distance=3000
7 -- done ### distance=3000
8 -- done ### distance=3000
9 -- done ### distance=3000
10 -- done ### distance=3000
11 -- done ### distance=3000
12 -- done ### distance=3000
13 -- done ### distance=3000
14 -- done ### distance=3000
15 -- done ### distance=3000
16 -- done ### distance=3000
17 -- done ### distance=3000
18 -- done ### distance=3000
19 -- done ### distance=3000
------ try porto rnn index query the 30th time: done!

-------------------------------------------

###### end proccessing ######
