Performing C SOURCE FILE Test CMAKE_HAVE_LIBC_PTHREAD failed with the following output:
Change Dir: /home/lrj/SUSTech_Codes/ClionWorkshop/s2geometry_cmake/build/CMakeFiles/CMakeTmp

Run Build Command(s):/usr/bin/make cmTC_c166c/fast && /usr/bin/make -f CMakeFiles/cmTC_c166c.dir/build.make CMakeFiles/cmTC_c166c.dir/build
make[1]: Entering directory '/home/lrj/SUSTech_Codes/ClionWorkshop/s2geometry_cmake/build/CMakeFiles/CMakeTmp'
/usr/bin/cmake: /usr/local/lib/libxml2.so.2: no version information available (required by /lib/x86_64-linux-gnu/libarchive.so.13)
/usr/bin/cmake: /usr/local/lib/libxml2.so.2: no version information available (required by /lib/x86_64-linux-gnu/libarchive.so.13)
/usr/bin/cmake: /usr/local/lib/libxml2.so.2: no version information available (required by /lib/x86_64-linux-gnu/libarchive.so.13)
/usr/bin/cmake: /usr/local/lib/libxml2.so.2: no version information available (required by /lib/x86_64-linux-gnu/libarchive.so.13)
/usr/bin/cmake: /usr/local/lib/libxml2.so.2: no version information available (required by /lib/x86_64-linux-gnu/libarchive.so.13)
Building C object CMakeFiles/cmTC_c166c.dir/src.c.o
/usr/bin/cc   -DCMAKE_HAVE_LIBC_PTHREAD   -o CMakeFiles/cmTC_c166c.dir/src.c.o   -c /home/lrj/SUSTech_Codes/ClionWorkshop/s2geometry_cmake/build/CMakeFiles/CMakeTmp/src.c
/usr/bin/cmake: /usr/local/lib/libxml2.so.2: no version information available (required by /lib/x86_64-linux-gnu/libarchive.so.13)
/usr/bin/cmake: /usr/local/lib/libxml2.so.2: no version information available (required by /lib/x86_64-linux-gnu/libarchive.so.13)
/usr/bin/cmake: /usr/local/lib/libxml2.so.2: no version information available (required by /lib/x86_64-linux-gnu/libarchive.so.13)
/usr/bin/cmake: /usr/local/lib/libxml2.so.2: no version information available (required by /lib/x86_64-linux-gnu/libarchive.so.13)
/usr/bin/cmake: /usr/local/lib/libxml2.so.2: no version information available (required by /lib/x86_64-linux-gnu/libarchive.so.13)
Linking C executable cmTC_c166c
/usr/bin/cmake -E cmake_link_script CMakeFiles/cmTC_c166c.dir/link.txt --verbose=1
/usr/bin/cmake: /usr/local/lib/libxml2.so.2: no version information available (required by /lib/x86_64-linux-gnu/libarchive.so.13)
/usr/bin/cmake: /usr/local/lib/libxml2.so.2: no version information available (required by /lib/x86_64-linux-gnu/libarchive.so.13)
/usr/bin/cmake: /usr/local/lib/libxml2.so.2: no version information available (required by /lib/x86_64-linux-gnu/libarchive.so.13)
/usr/bin/cmake: /usr/local/lib/libxml2.so.2: no version information available (required by /lib/x86_64-linux-gnu/libarchive.so.13)
/usr/bin/cmake: /usr/local/lib/libxml2.so.2: no version information available (required by /lib/x86_64-linux-gnu/libarchive.so.13)
/usr/bin/cc  -DCMAKE_HAVE_LIBC_PTHREAD    CMakeFiles/cmTC_c166c.dir/src.c.o  -o cmTC_c166c 
/usr/bin/ld: CMakeFiles/cmTC_c166c.dir/src.c.o: in function `main':
src.c:(.text+0x46): undefined reference to `pthread_create'
/usr/bin/ld: src.c:(.text+0x52): undefined reference to `pthread_detach'
/usr/bin/ld: src.c:(.text+0x63): undefined reference to `pthread_join'
collect2: error: ld returned 1 exit status
make[1]: *** [CMakeFiles/cmTC_c166c.dir/build.make:87: cmTC_c166c] Error 1
make[1]: Leaving directory '/home/lrj/SUSTech_Codes/ClionWorkshop/s2geometry_cmake/build/CMakeFiles/CMakeTmp'
make: *** [Makefile:121: cmTC_c166c/fast] Error 2


Source file was:
#include <pthread.h>

void* test_func(void* data)
{
  return data;
}

int main(void)
{
  pthread_t thread;
  pthread_create(&thread, NULL, test_func, NULL);
  pthread_detach(thread);
  pthread_join(thread, NULL);
  pthread_atfork(NULL, NULL, NULL);
  pthread_exit(NULL);

  return 0;
}

Determining if the function pthread_create exists in the pthreads failed with the following output:
Change Dir: /home/lrj/SUSTech_Codes/ClionWorkshop/s2geometry_cmake/build/CMakeFiles/CMakeTmp

Run Build Command(s):/usr/bin/make cmTC_17cc4/fast && /usr/bin/make -f CMakeFiles/cmTC_17cc4.dir/build.make CMakeFiles/cmTC_17cc4.dir/build
make[1]: Entering directory '/home/lrj/SUSTech_Codes/ClionWorkshop/s2geometry_cmake/build/CMakeFiles/CMakeTmp'
/usr/bin/cmake: /usr/local/lib/libxml2.so.2: no version information available (required by /lib/x86_64-linux-gnu/libarchive.so.13)
/usr/bin/cmake: /usr/local/lib/libxml2.so.2: no version information available (required by /lib/x86_64-linux-gnu/libarchive.so.13)
/usr/bin/cmake: /usr/local/lib/libxml2.so.2: no version information available (required by /lib/x86_64-linux-gnu/libarchive.so.13)
/usr/bin/cmake: /usr/local/lib/libxml2.so.2: no version information available (required by /lib/x86_64-linux-gnu/libarchive.so.13)
/usr/bin/cmake: /usr/local/lib/libxml2.so.2: no version information available (required by /lib/x86_64-linux-gnu/libarchive.so.13)
Building C object CMakeFiles/cmTC_17cc4.dir/CheckFunctionExists.c.o
/usr/bin/cc   -DCHECK_FUNCTION_EXISTS=pthread_create   -o CMakeFiles/cmTC_17cc4.dir/CheckFunctionExists.c.o   -c /usr/share/cmake-3.16/Modules/CheckFunctionExists.c
/usr/bin/cmake: /usr/local/lib/libxml2.so.2: no version information available (required by /lib/x86_64-linux-gnu/libarchive.so.13)
/usr/bin/cmake: /usr/local/lib/libxml2.so.2: no version information available (required by /lib/x86_64-linux-gnu/libarchive.so.13)
/usr/bin/cmake: /usr/local/lib/libxml2.so.2: no version information available (required by /lib/x86_64-linux-gnu/libarchive.so.13)
/usr/bin/cmake: /usr/local/lib/libxml2.so.2: no version information available (required by /lib/x86_64-linux-gnu/libarchive.so.13)
/usr/bin/cmake: /usr/local/lib/libxml2.so.2: no version information available (required by /lib/x86_64-linux-gnu/libarchive.so.13)
Linking C executable cmTC_17cc4
/usr/bin/cmake -E cmake_link_script CMakeFiles/cmTC_17cc4.dir/link.txt --verbose=1
/usr/bin/cmake: /usr/local/lib/libxml2.so.2: no version information available (required by /lib/x86_64-linux-gnu/libarchive.so.13)
/usr/bin/cmake: /usr/local/lib/libxml2.so.2: no version information available (required by /lib/x86_64-linux-gnu/libarchive.so.13)
/usr/bin/cmake: /usr/local/lib/libxml2.so.2: no version information available (required by /lib/x86_64-linux-gnu/libarchive.so.13)
/usr/bin/cmake: /usr/local/lib/libxml2.so.2: no version information available (required by /lib/x86_64-linux-gnu/libarchive.so.13)
/usr/bin/cmake: /usr/local/lib/libxml2.so.2: no version information available (required by /lib/x86_64-linux-gnu/libarchive.so.13)
/usr/bin/cc  -DCHECK_FUNCTION_EXISTS=pthread_create    CMakeFiles/cmTC_17cc4.dir/CheckFunctionExists.c.o  -o cmTC_17cc4  -lpthreads 
/usr/bin/ld: cannot find -lpthreads
collect2: error: ld returned 1 exit status
make[1]: *** [CMakeFiles/cmTC_17cc4.dir/build.make:87: cmTC_17cc4] Error 1
make[1]: Leaving directory '/home/lrj/SUSTech_Codes/ClionWorkshop/s2geometry_cmake/build/CMakeFiles/CMakeTmp'
make: *** [Makefile:121: cmTC_17cc4/fast] Error 2



